Copyright 1986-2018 Xilinx, Inc. All Rights Reserved.
---------------------------------------------------------------------------------------------------------------------------------------------
| Tool Version : Vivado v.2018.3_AR71898 (lin64) Build 2405991 Thu Dec  6 23:36:41 MST 2018
| Date         : Fri Dec 13 19:34:26 2019
| Host         : ettus-pterodactyl running 64-bit Ubuntu 18.04.2 LTS
| Command      : report_utilization -omit_locs -file /home/buildbot/fpga-worker/build_FPGA_N230/work/src/usrp3/top/n230/build-N230/build.rpt
| Design       : n230
| Device       : 7a100tfgg484-2
| Design State : Routed
---------------------------------------------------------------------------------------------------------------------------------------------

Utilization Design Information

Table of Contents
-----------------
1. Slice Logic
1.1 Summary of Registers by Type
2. Slice Logic Distribution
3. Memory
4. DSP
5. IO and GT Specific
6. Clocking
7. Specific Feature
8. Primitives
9. Black Boxes
10. Instantiated Netlists

1. Slice Logic
--------------

+----------------------------+-------+-----------+-------+
|          Site Type         |  Used | Available | Util% |
+----------------------------+-------+-----------+-------+
| Slice LUTs                 | 31216 |     63400 | 49.24 |
|   LUT as Logic             | 29206 |     63400 | 46.07 |
|   LUT as Memory            |  2010 |     19000 | 10.58 |
|     LUT as Distributed RAM |   338 |           |       |
|     LUT as Shift Register  |  1672 |           |       |
| Slice Registers            | 36103 |    126800 | 28.47 |
|   Register as Flip Flop    | 36103 |    126800 | 28.47 |
|   Register as Latch        |     0 |    126800 |  0.00 |
| F7 Muxes                   |   404 |     31700 |  1.27 |
| F8 Muxes                   |     0 |     15850 |  0.00 |
+----------------------------+-------+-----------+-------+


1.1 Summary of Registers by Type
--------------------------------

+-------+--------------+-------------+--------------+
| Total | Clock Enable | Synchronous | Asynchronous |
+-------+--------------+-------------+--------------+
| 0     |            _ |           - |            - |
| 0     |            _ |           - |          Set |
| 0     |            _ |           - |        Reset |
| 0     |            _ |         Set |            - |
| 0     |            _ |       Reset |            - |
| 0     |          Yes |           - |            - |
| 469   |          Yes |           - |          Set |
| 1914  |          Yes |           - |        Reset |
| 724   |          Yes |         Set |            - |
| 33156 |          Yes |       Reset |            - |
+-------+--------------+-------------+--------------+


2. Slice Logic Distribution
---------------------------

+--------------------------------------------+-------+-----------+-------+
|                  Site Type                 |  Used | Available | Util% |
+--------------------------------------------+-------+-----------+-------+
| Slice                                      | 10936 |     15850 | 69.00 |
|   SLICEL                                   |  7569 |           |       |
|   SLICEM                                   |  3367 |           |       |
| LUT as Logic                               | 29206 |     63400 | 46.07 |
|   using O5 output only                     |    90 |           |       |
|   using O6 output only                     | 24390 |           |       |
|   using O5 and O6                          |  4726 |           |       |
| LUT as Memory                              |  2010 |     19000 | 10.58 |
|   LUT as Distributed RAM                   |   338 |           |       |
|     using O5 output only                   |     0 |           |       |
|     using O6 output only                   |   138 |           |       |
|     using O5 and O6                        |   200 |           |       |
|   LUT as Shift Register                    |  1672 |           |       |
|     using O5 output only                   |    16 |           |       |
|     using O6 output only                   |  1480 |           |       |
|     using O5 and O6                        |   176 |           |       |
| Slice Registers                            | 36103 |    126800 | 28.47 |
|   Register driven from within the Slice    | 22364 |           |       |
|   Register driven from outside the Slice   | 13739 |           |       |
|     LUT in front of the register is unused |  7602 |           |       |
|     LUT in front of the register is used   |  6137 |           |       |
| Unique Control Sets                        |   855 |     15850 |  5.39 |
+--------------------------------------------+-------+-----------+-------+
* Note: Available Control Sets calculated as Slice Registers / 8, Review the Control Sets Report for more information regarding control sets.


3. Memory
---------

+-------------------+------+-----------+-------+
|     Site Type     | Used | Available | Util% |
+-------------------+------+-----------+-------+
| Block RAM Tile    |  122 |       135 | 90.37 |
|   RAMB36/FIFO*    |  114 |       135 | 84.44 |
|     RAMB36E1 only |  114 |           |       |
|   RAMB18          |   16 |       270 |  5.93 |
|     RAMB18E1 only |   16 |           |       |
+-------------------+------+-----------+-------+
* Note: Each Block RAM Tile only has one FIFO logic available and therefore can accommodate only one FIFO36E1 or one FIFO18E1. However, if a FIFO18E1 occupies a Block RAM Tile, that tile can still accommodate a RAMB18E1


4. DSP
------

+----------------+------+-----------+-------+
|    Site Type   | Used | Available | Util% |
+----------------+------+-----------+-------+
| DSPs           |   71 |       240 | 29.58 |
|   DSP48E1 only |   71 |           |       |
+----------------+------+-----------+-------+


5. IO and GT Specific
---------------------

+-----------------------------+------+-----------+--------+
|          Site Type          | Used | Available |  Util% |
+-----------------------------+------+-----------+--------+
| Bonded IOB                  |  247 |       285 |  86.67 |
|   IOB Master Pads           |  121 |           |        |
|   IOB Slave Pads            |  116 |           |        |
|   IOB Flip Flops            |  160 |           |        |
| Bonded IPADs                |   12 |        14 |  85.71 |
| Bonded OPADs                |    8 |         8 | 100.00 |
| PHY_CONTROL                 |    0 |         6 |   0.00 |
| PHASER_REF                  |    0 |         6 |   0.00 |
| OUT_FIFO                    |    0 |        24 |   0.00 |
| IN_FIFO                     |    0 |        24 |   0.00 |
| IDELAYCTRL                  |    1 |         6 |  16.67 |
| IBUFDS                      |   13 |       274 |   4.74 |
| GTPE2_CHANNEL               |    4 |         4 | 100.00 |
| PHASER_OUT/PHASER_OUT_PHY   |    0 |        24 |   0.00 |
| PHASER_IN/PHASER_IN_PHY     |    0 |        24 |   0.00 |
| IDELAYE2/IDELAYE2_FINEDELAY |    8 |       300 |   2.67 |
|   IDELAYE2 only             |    8 |           |        |
| IBUFDS_GTE2                 |    2 |         2 | 100.00 |
| ILOGIC                      |   77 |       285 |  27.02 |
|   IFF_Register              |   70 |           |        |
|   ISERDES                   |    7 |       285 |        |
| OLOGIC                      |  100 |       285 |  35.09 |
|   OUTFF_Register            |   90 |           |        |
|   OUTFF_ODDR_Register       |    2 |           |        |
|   OSERDES                   |    8 |       285 |        |
+-----------------------------+------+-----------+--------+


6. Clocking
-----------

+--------------+------+-----------+-------+
|   Site Type  | Used | Available | Util% |
+--------------+------+-----------+-------+
| BUFGCTRL     |   14 |        32 | 43.75 |
| BUFIO        |    1 |        24 |  4.17 |
|   BUFIO only |    1 |           |       |
| MMCME2_ADV   |    3 |         6 | 50.00 |
| PLLE2_ADV    |    0 |         6 |  0.00 |
| BUFMRCE      |    0 |        12 |  0.00 |
| BUFHCE       |    0 |        96 |  0.00 |
| BUFR         |    1 |        24 |  4.17 |
+--------------+------+-----------+-------+


7. Specific Feature
-------------------

+-------------+------+-----------+--------+
|  Site Type  | Used | Available |  Util% |
+-------------+------+-----------+--------+
| BSCANE2     |    0 |         4 |   0.00 |
| CAPTUREE2   |    0 |         1 |   0.00 |
| DNA_PORT    |    0 |         1 |   0.00 |
| EFUSE_USR   |    0 |         1 |   0.00 |
| FRAME_ECCE2 |    0 |         1 |   0.00 |
| ICAPE2      |    1 |         2 |  50.00 |
| PCIE_2_1    |    0 |         1 |   0.00 |
| STARTUPE2   |    1 |         1 | 100.00 |
| XADC        |    0 |         1 |   0.00 |
+-------------+------+-----------+--------+


8. Primitives
-------------

+---------------+-------+---------------------+
|    Ref Name   |  Used | Functional Category |
+---------------+-------+---------------------+
| FDRE          | 33156 |        Flop & Latch |
| LUT3          | 11122 |                 LUT |
| LUT2          |  7110 |                 LUT |
| LUT6          |  6888 |                 LUT |
| LUT4          |  4881 |                 LUT |
| CARRY4        |  3944 |          CarryLogic |
| LUT5          |  3054 |                 LUT |
| FDCE          |  1914 |        Flop & Latch |
| SRLC32E       |  1452 |  Distributed Memory |
| LUT1          |   877 |                 LUT |
| FDSE          |   724 |        Flop & Latch |
| FDPE          |   469 |        Flop & Latch |
| MUXF7         |   404 |               MuxFx |
| SRL16E        |   396 |  Distributed Memory |
| RAMD32        |   300 |  Distributed Memory |
| RAMS32        |   238 |  Distributed Memory |
| OBUF          |   121 |                  IO |
| RAMB36E1      |   114 |        Block Memory |
| IBUF          |    99 |                  IO |
| OBUFT         |    77 |                  IO |
| DSP48E1       |    71 |    Block Arithmetic |
| RAMB18E1      |    16 |        Block Memory |
| BUFG          |    14 |               Clock |
| IBUFDS        |    13 |                  IO |
| OBUFDS        |     9 |                  IO |
| OSERDESE2     |     8 |                  IO |
| IDELAYE2      |     8 |                  IO |
| ISERDESE2     |     7 |                  IO |
| OBUFTDS       |     4 |                  IO |
| GTPE2_CHANNEL |     4 |                  IO |
| MMCME2_ADV    |     3 |               Clock |
| ODDR          |     2 |                  IO |
| IBUFDS_GTE2   |     2 |                  IO |
| STARTUPE2     |     1 |              Others |
| IDELAYCTRL    |     1 |                  IO |
| ICAPE2        |     1 |              Others |
| GTPE2_COMMON  |     1 |                  IO |
| BUFR          |     1 |               Clock |
| BUFIO         |     1 |               Clock |
+---------------+-------+---------------------+


9. Black Boxes
--------------

+------------------------------------------+------+
|                 Ref Name                 | Used |
+------------------------------------------+------+
| fifo_xlnx_512x36_2clk_prog_fullcompare_1 |    1 |
+------------------------------------------+------+


10. Instantiated Netlists
-------------------------

+---------------------------------+------+
|             Ref Name            | Used |
+---------------------------------+------+
| fifo_4k_2clk                    |    8 |
| fifo_short_2clk                 |    6 |
| axi64_8k_2clk_fifo              |    4 |
| jesd_phy                        |    2 |
| gige_phy                        |    2 |
| bootram                         |    2 |
| fifo_xlnx_512x36_2clk_prog_full |    1 |
| fifo_xlnx_32x36_2clk            |    1 |
| bus_clk_gen                     |    1 |
| axi_upsizer_32to64              |    1 |
| axi_downsizer_64to32            |    1 |
+---------------------------------+------+


Copyright 1986-2018 Xilinx, Inc. All Rights Reserved.
----------------------------------------------------------------------------------------------------------------------------------------------------------------
| Tool Version : Vivado v.2018.3_AR71898 (lin64) Build 2405991 Thu Dec  6 23:36:41 MST 2018
| Date         : Fri Dec 13 19:34:28 2019
| Host         : ettus-pterodactyl running 64-bit Ubuntu 18.04.2 LTS
| Command      : report_timing_summary -no_detailed_paths -file /home/buildbot/fpga-worker/build_FPGA_N230/work/src/usrp3/top/n230/build-N230/build.rpt -append
| Design       : n230
| Device       : 7a100t-fgg484
| Speed File   : -2  PRODUCTION 1.23 2018-06-13
----------------------------------------------------------------------------------------------------------------------------------------------------------------

Timing Summary Report

------------------------------------------------------------------------------------------------
| Timer Settings
| --------------
------------------------------------------------------------------------------------------------

  Enable Multi Corner Analysis               :  Yes
  Enable Pessimism Removal                   :  Yes
  Pessimism Removal Resolution               :  Nearest Common Node
  Enable Input Delay Default Clock           :  No
  Enable Preset / Clear Arcs                 :  No
  Disable Flight Delays                      :  No
  Ignore I/O Paths                           :  No
  Timing Early Launch at Borrowing Latches   :  false

  Corner  Analyze    Analyze    
  Name    Max Paths  Min Paths  
  ------  ---------  ---------  
  Slow    Yes        Yes        
  Fast    Yes        Yes        



check_timing report

Table of Contents
-----------------
1. checking no_clock
2. checking constant_clock
3. checking pulse_width_clock
4. checking unconstrained_internal_endpoints
5. checking no_input_delay
6. checking no_output_delay
7. checking multiple_clock
8. checking generated_clocks
9. checking loops
10. checking partial_input_delay
11. checking partial_output_delay
12. checking latch_loops

1. checking no_clock
--------------------
 There are 0 register/latch pins with no clock.


2. checking constant_clock
--------------------------
 There are 0 register/latch pins with constant_clock.


3. checking pulse_width_clock
-----------------------------
 There are 5 register/latch pins which need pulse_width check. (LOW)


4. checking unconstrained_internal_endpoints
--------------------------------------------
 There are 0 pins that are not constrained for maximum delay.

 There are 2 pins that are not constrained for maximum delay due to constant clock. (MEDIUM)


5. checking no_input_delay
--------------------------
 There are 51 input ports with no input delay specified. (HIGH)

 There are 0 input ports with no input delay but user has a false path constraint.


6. checking no_output_delay
---------------------------
 There are 90 ports with no output delay specified. (HIGH)

 There are 0 ports with no output delay but user has a false path constraint

 There is 1 port with no output delay but with a timing clock defined on it or propagating through it (LOW)


7. checking multiple_clock
--------------------------
 There are 0 register/latch pins with multiple clocks.


8. checking generated_clocks
----------------------------
 There are 0 generated clocks that are not connected to a clock source.


9. checking loops
-----------------
 There are 0 combinational loops in the design.


10. checking partial_input_delay
--------------------------------
 There are 0 input ports with partial input delay specified.


11. checking partial_output_delay
---------------------------------
 There are 0 ports with partial output delay specified.


12. checking latch_loops
------------------------
 There are 0 combinational latch loops in the design through latch input



------------------------------------------------------------------------------------------------
| Design Timing Summary
| ---------------------
------------------------------------------------------------------------------------------------

    WNS(ns)      TNS(ns)  TNS Failing Endpoints  TNS Total Endpoints      WHS(ns)      THS(ns)  THS Failing Endpoints  THS Total Endpoints     WPWS(ns)     TPWS(ns)  TPWS Failing Endpoints  TPWS Total Endpoints  
    -------      -------  ---------------------  -------------------      -------      -------  ---------------------  -------------------     --------     --------  ----------------------  --------------------  
      0.065        0.000                      0               100191        0.014        0.000                      0               100119        0.264        0.000                       0                 39071  


All user specified timing constraints are met.


------------------------------------------------------------------------------------------------
| Clock Summary
| -------------
------------------------------------------------------------------------------------------------

Clock                                                                                                      Waveform(ns)         Period(ns)      Frequency(MHz)
-----                                                                                                      ------------         ----------      --------------
CODEC_CLK                                                                                                  {0.000 2.500}        5.000           200.000         
CODEC_DATA_CLK                                                                                             {0.750 3.250}        5.000           200.000         
  sdr_clk                                                                                                  {0.750 10.750}       20.000          50.000          
CODEC_MAIN_CLK                                                                                             {0.000 12.500}       25.000          40.000          
ETH_CLK                                                                                                    {0.000 4.000}        8.000           125.000         
bus_clk_gen_i/inst/clk_in_40mhz                                                                            {0.000 12.500}       25.000          40.000          
  bus_clk                                                                                                  {0.000 6.250}        12.500          80.000          
  clk100                                                                                                   {0.000 5.000}        10.000          100.000         
    jesd_core_clk_mmcm                                                                                     {0.000 5.000}        10.000          100.000         
    jesd_user_clk_mmcm                                                                                     {0.000 2.500}        5.000           200.000         
  clk200                                                                                                   {0.000 2.500}        5.000           200.000         
  clkfbout_bus_clk_gen                                                                                     {0.000 12.500}       25.000          40.000          
  ram_io_clk                                                                                               {6.042 10.208}       8.333           120.000         
    RAM_CLK                                                                                                {6.042 10.208}       8.333           120.000         
  ram_ui_clk                                                                                               {0.000 4.167}        8.333           120.000         
quad_phy_i/gig_phy_i0/inst/transceiver_inst/gtwizard_inst/inst/gtwizard_i/gt0_GTWIZARD_i/gtpe2_i/RXOUTCLK  {0.000 8.000}        16.000          62.500          
quad_phy_i/gig_phy_i0/inst/transceiver_inst/gtwizard_inst/inst/gtwizard_i/gt0_GTWIZARD_i/gtpe2_i/TXOUTCLK  {0.000 8.000}        16.000          62.500          
  eth_mmcm_clkout0                                                                                         {0.000 4.000}        8.000           125.000         
  eth_mmcm_clkout1                                                                                         {0.000 8.000}        16.000          62.500          
  eth_mmcm_fbclk                                                                                           {0.000 8.000}        16.000          62.500          
quad_phy_i/gig_phy_i1/inst/transceiver_inst/gtwizard_inst/inst/gtwizard_i/gt0_GTWIZARD_i/gtpe2_i/RXOUTCLK  {0.000 8.000}        16.000          62.500          
quad_phy_i/gig_phy_i1/inst/transceiver_inst/gtwizard_inst/inst/gtwizard_i/gt0_GTWIZARD_i/gtpe2_i/TXOUTCLK  {0.000 8.000}        16.000          62.500          
quad_phy_i/jesd204_phy_i0/inst/jesd_phy_gt/inst/jesd_phy_gt_i/gt0_jesd_phy_gt_i/gtpe2_i/RXOUTCLK           {0.000 10.000}       20.000          50.000          
quad_phy_i/jesd204_phy_i0/inst/jesd_phy_gt/inst/jesd_phy_gt_i/gt0_jesd_phy_gt_i/gtpe2_i/RXOUTCLKFABRIC     {0.000 5.000}        10.000          100.000         
quad_phy_i/jesd204_phy_i0/inst/jesd_phy_gt/inst/jesd_phy_gt_i/gt0_jesd_phy_gt_i/gtpe2_i/TXOUTCLK           {0.000 10.000}       20.000          50.000          
quad_phy_i/jesd204_phy_i0/inst/jesd_phy_gt/inst/jesd_phy_gt_i/gt0_jesd_phy_gt_i/gtpe2_i/TXOUTCLKFABRIC     {0.000 5.000}        10.000          100.000         
quad_phy_i/jesd204_phy_i1/inst/jesd_phy_gt/inst/jesd_phy_gt_i/gt0_jesd_phy_gt_i/gtpe2_i/RXOUTCLK           {0.000 10.000}       20.000          50.000          
quad_phy_i/jesd204_phy_i1/inst/jesd_phy_gt/inst/jesd_phy_gt_i/gt0_jesd_phy_gt_i/gtpe2_i/RXOUTCLKFABRIC     {0.000 5.000}        10.000          100.000         
quad_phy_i/jesd204_phy_i1/inst/jesd_phy_gt/inst/jesd_phy_gt_i/gt0_jesd_phy_gt_i/gtpe2_i/TXOUTCLK           {0.000 10.000}       20.000          50.000          
quad_phy_i/jesd204_phy_i1/inst/jesd_phy_gt/inst/jesd_phy_gt_i/gt0_jesd_phy_gt_i/gtpe2_i/TXOUTCLKFABRIC     {0.000 5.000}        10.000          100.000         


------------------------------------------------------------------------------------------------
| Intra Clock Table
| -----------------
------------------------------------------------------------------------------------------------

Clock                                                                                                          WNS(ns)      TNS(ns)  TNS Failing Endpoints  TNS Total Endpoints      WHS(ns)      THS(ns)  THS Failing Endpoints  THS Total Endpoints     WPWS(ns)     TPWS(ns)  TPWS Failing Endpoints  TPWS Total Endpoints  
-----                                                                                                          -------      -------  ---------------------  -------------------      -------      -------  ---------------------  -------------------     --------     --------  ----------------------  --------------------  
CODEC_DATA_CLK                                                                                                                                                                                                                                               3.529        0.000                       0                    24  
  sdr_clk                                                                                                        8.162        0.000                      0                64333        0.037        0.000                      0                64333        8.870        0.000                       0                 25622  
ETH_CLK                                                                                                          4.899        0.000                      0                  207        0.187        0.000                      0                  207        2.286        0.000                       0                   146  
bus_clk_gen_i/inst/clk_in_40mhz                                                                                                                                                                                                                              7.500        0.000                       0                     1  
  bus_clk                                                                                                        1.587        0.000                      0                24090        0.036        0.000                      0                24090        2.500        0.000                       0                  8944  
  clk100                                                                                                                                                                                                                                                     3.000        0.000                       0                     4  
    jesd_core_clk_mmcm                                                                                                                                                                                                                                       3.940        0.000                       0                     7  
    jesd_user_clk_mmcm                                                                                                                                                                                                                                       1.970        0.000                       0                     6  
  clk200                                                                                                                                                                                                                                                     0.264        0.000                       0                     3  
  clkfbout_bus_clk_gen                                                                                                                                                                                                                                      23.408        0.000                       0                     3  
  ram_io_clk                                                                                                                                                                                                                                                 6.741        0.000                       0                     3  
  ram_ui_clk                                                                                                     1.679        0.000                      0                 4404        0.063        0.000                      0                 4404        3.037        0.000                       0                  2001  
quad_phy_i/gig_phy_i0/inst/transceiver_inst/gtwizard_inst/inst/gtwizard_i/gt0_GTWIZARD_i/gtpe2_i/TXOUTCLK                                                                                                                                                    5.000        0.000                       0                     3  
  eth_mmcm_clkout0                                                                                               3.000        0.000                      0                 4348        0.071        0.000                      0                 4348        3.146        0.000                       0                  2056  
  eth_mmcm_clkout1                                                                                              12.372        0.000                      0                  312        0.144        0.000                      0                  312        7.500        0.000                       0                   246  
  eth_mmcm_fbclk                                                                                                                                                                                                                                            14.751        0.000                       0                     2  


------------------------------------------------------------------------------------------------
| Inter Clock Table
| -----------------
------------------------------------------------------------------------------------------------

From Clock        To Clock              WNS(ns)      TNS(ns)  TNS Failing Endpoints  TNS Total Endpoints      WHS(ns)      THS(ns)  THS Failing Endpoints  THS Total Endpoints  
----------        --------              -------      -------  ---------------------  -------------------      -------      -------  ---------------------  -------------------  
CODEC_CLK         CODEC_DATA_CLK          0.065        0.000                      0                    7        0.014        0.000                      0                    7  
ram_ui_clk        bus_clk                 6.876        0.000                      0                   36                                                                        
ram_ui_clk        RAM_CLK                 1.672        0.000                      0                   56        1.017        0.000                      0                   56  
bus_clk           ram_ui_clk              1.563        0.000                      0                   41        0.189        0.000                      0                    5  
RAM_CLK           ram_ui_clk              0.391        0.000                      0                   36        0.351        0.000                      0                   36  
eth_mmcm_clkout1  eth_mmcm_clkout0        5.702        0.000                      0                   56        0.149        0.000                      0                   56  
eth_mmcm_clkout0  eth_mmcm_clkout1        5.706        0.000                      0                   48        0.146        0.000                      0                   48  


------------------------------------------------------------------------------------------------
| Other Path Groups Table
| -----------------------
------------------------------------------------------------------------------------------------

Path Group         From Clock         To Clock               WNS(ns)      TNS(ns)  TNS Failing Endpoints  TNS Total Endpoints      WHS(ns)      THS(ns)  THS Failing Endpoints  THS Total Endpoints  
----------         ----------         --------               -------      -------  ---------------------  -------------------      -------      -------  ---------------------  -------------------  
**async_default**  ETH_CLK            ETH_CLK                  6.164        0.000                      0                   62        0.414        0.000                      0                   62  
**async_default**  bus_clk            bus_clk                  5.409        0.000                      0                 1252        0.244        0.000                      0                 1252  
**async_default**  eth_mmcm_clkout0   eth_mmcm_clkout0         5.840        0.000                      0                    4        0.506        0.000                      0                    4  
**async_default**  ram_ui_clk         ram_ui_clk               4.421        0.000                      0                  351        0.353        0.000                      0                  351  
**async_default**  sdr_clk            sdr_clk                 15.455        0.000                      0                  548        0.349        0.000                      0                  548  


