Copyright 1986-2018 Xilinx, Inc. All Rights Reserved.
-----------------------------------------------------------------------------------------------------------------------------------------------------
| Tool Version : Vivado v.2018.3_AR71898 (lin64) Build 2405991 Thu Dec  6 23:36:41 MST 2018
| Date         : Fri Dec 13 19:22:41 2019
| Host         : ettus-betty running 64-bit Ubuntu 18.04.2 LTS
| Command      : report_utilization -omit_locs -file /home/buildbot/fpga-worker/build_FPGA_E310_SG3/work/src/usrp3/top/e31x/build-E310_SG3/build.rpt
| Design       : e31x
| Device       : 7z020clg484-3
| Design State : Routed
-----------------------------------------------------------------------------------------------------------------------------------------------------

Utilization Design Information

Table of Contents
-----------------
1. Slice Logic
1.1 Summary of Registers by Type
2. Slice Logic Distribution
3. Memory
4. DSP
5. IO and GT Specific
6. Clocking
7. Specific Feature
8. Primitives
9. Black Boxes
10. Instantiated Netlists

1. Slice Logic
--------------

+----------------------------+-------+-----------+-------+
|          Site Type         |  Used | Available | Util% |
+----------------------------+-------+-----------+-------+
| Slice LUTs                 | 36909 |     53200 | 69.38 |
|   LUT as Logic             | 30772 |     53200 | 57.84 |
|   LUT as Memory            |  6137 |     17400 | 35.27 |
|     LUT as Distributed RAM |  2400 |           |       |
|     LUT as Shift Register  |  3737 |           |       |
| Slice Registers            | 69082 |    106400 | 64.93 |
|   Register as Flip Flop    | 69034 |    106400 | 64.88 |
|   Register as Latch        |    48 |    106400 |  0.05 |
| F7 Muxes                   |   247 |     26600 |  0.93 |
| F8 Muxes                   |     0 |     13300 |  0.00 |
+----------------------------+-------+-----------+-------+


1.1 Summary of Registers by Type
--------------------------------

+-------+--------------+-------------+--------------+
| Total | Clock Enable | Synchronous | Asynchronous |
+-------+--------------+-------------+--------------+
| 0     |            _ |           - |            - |
| 0     |            _ |           - |          Set |
| 0     |            _ |           - |        Reset |
| 0     |            _ |         Set |            - |
| 0     |            _ |       Reset |            - |
| 0     |          Yes |           - |            - |
| 1569  |          Yes |           - |          Set |
| 8379  |          Yes |           - |        Reset |
| 732   |          Yes |         Set |            - |
| 58440 |          Yes |       Reset |            - |
+-------+--------------+-------------+--------------+


2. Slice Logic Distribution
---------------------------

+--------------------------------------------+-------+-----------+-------+
|                  Site Type                 |  Used | Available | Util% |
+--------------------------------------------+-------+-----------+-------+
| Slice                                      | 13261 |     13300 | 99.71 |
|   SLICEL                                   |  8932 |           |       |
|   SLICEM                                   |  4329 |           |       |
| LUT as Logic                               | 30772 |     53200 | 57.84 |
|   using O5 output only                     |     3 |           |       |
|   using O6 output only                     | 22139 |           |       |
|   using O5 and O6                          |  8630 |           |       |
| LUT as Memory                              |  6137 |     17400 | 35.27 |
|   LUT as Distributed RAM                   |  2400 |           |       |
|     using O5 output only                   |     0 |           |       |
|     using O6 output only                   |    16 |           |       |
|     using O5 and O6                        |  2384 |           |       |
|   LUT as Shift Register                    |  3737 |           |       |
|     using O5 output only                   |  1992 |           |       |
|     using O6 output only                   |  1397 |           |       |
|     using O5 and O6                        |   348 |           |       |
| Slice Registers                            | 69082 |    106400 | 64.93 |
|   Register driven from within the Slice    | 32267 |           |       |
|   Register driven from outside the Slice   | 36815 |           |       |
|     LUT in front of the register is unused | 23649 |           |       |
|     LUT in front of the register is used   | 13166 |           |       |
| Unique Control Sets                        |  2334 |     13300 | 17.55 |
+--------------------------------------------+-------+-----------+-------+
* Note: Available Control Sets calculated as Slice Registers / 8, Review the Control Sets Report for more information regarding control sets.


3. Memory
---------

+-------------------+------+-----------+-------+
|     Site Type     | Used | Available | Util% |
+-------------------+------+-----------+-------+
| Block RAM Tile    | 73.5 |       140 | 52.50 |
|   RAMB36/FIFO*    |   66 |       140 | 47.14 |
|     RAMB36E1 only |   66 |           |       |
|   RAMB18          |   15 |       280 |  5.36 |
|     RAMB18E1 only |   15 |           |       |
+-------------------+------+-----------+-------+
* Note: Each Block RAM Tile only has one FIFO logic available and therefore can accommodate only one FIFO36E1 or one FIFO18E1. However, if a FIFO18E1 occupies a Block RAM Tile, that tile can still accommodate a RAMB18E1


4. DSP
------

+----------------+------+-----------+-------+
|    Site Type   | Used | Available | Util% |
+----------------+------+-----------+-------+
| DSPs           |   92 |       220 | 41.82 |
|   DSP48E1 only |   92 |           |       |
+----------------+------+-----------+-------+


5. IO and GT Specific
---------------------

+-----------------------------+------+-----------+-------+
|          Site Type          | Used | Available | Util% |
+-----------------------------+------+-----------+-------+
| Bonded IOB                  |   96 |       200 | 48.00 |
|   IOB Master Pads           |   47 |           |       |
|   IOB Slave Pads            |   49 |           |       |
|   IOB Flip Flops            |   38 |           |       |
| Bonded IPADs                |    0 |         2 |  0.00 |
| Bonded IOPADs               |  128 |       130 | 98.46 |
| PHY_CONTROL                 |    0 |         4 |  0.00 |
| PHASER_REF                  |    0 |         4 |  0.00 |
| OUT_FIFO                    |    0 |        16 |  0.00 |
| IN_FIFO                     |    0 |        16 |  0.00 |
| IDELAYCTRL                  |    0 |         4 |  0.00 |
| IBUFDS                      |    0 |       192 |  0.00 |
| PHASER_OUT/PHASER_OUT_PHY   |    0 |        16 |  0.00 |
| PHASER_IN/PHASER_IN_PHY     |    0 |        16 |  0.00 |
| IDELAYE2/IDELAYE2_FINEDELAY |    0 |       200 |  0.00 |
| ILOGIC                      |   19 |       200 |  9.50 |
|   IFF_Register              |    6 |           |       |
|   IFF_IDDR_Register         |   13 |           |       |
| OLOGIC                      |   46 |       200 | 23.00 |
|   OUTFF_Register            |   32 |           |       |
|   OUTFF_ODDR_Register       |   14 |           |       |
+-----------------------------+------+-----------+-------+


6. Clocking
-----------

+------------+------+-----------+-------+
|  Site Type | Used | Available | Util% |
+------------+------+-----------+-------+
| BUFGCTRL   |    4 |        32 | 12.50 |
| BUFIO      |    0 |        16 |  0.00 |
| MMCME2_ADV |    0 |         4 |  0.00 |
| PLLE2_ADV  |    1 |         4 | 25.00 |
| BUFMRCE    |    0 |         8 |  0.00 |
| BUFHCE     |    0 |        72 |  0.00 |
| BUFR       |    1 |        16 |  6.25 |
+------------+------+-----------+-------+


7. Specific Feature
-------------------

+-------------+------+-----------+-------+
|  Site Type  | Used | Available | Util% |
+-------------+------+-----------+-------+
| BSCANE2     |    0 |         4 |  0.00 |
| CAPTUREE2   |    0 |         1 |  0.00 |
| DNA_PORT    |    0 |         1 |  0.00 |
| EFUSE_USR   |    0 |         1 |  0.00 |
| FRAME_ECCE2 |    0 |         1 |  0.00 |
| ICAPE2      |    0 |         2 |  0.00 |
| STARTUPE2   |    0 |         1 |  0.00 |
| XADC        |    0 |         1 |  0.00 |
+-------------+------+-----------+-------+


8. Primitives
-------------

+--------------+-------+----------------------+
|   Ref Name   |  Used |  Functional Category |
+--------------+-------+----------------------+
| FDRE         | 58440 |         Flop & Latch |
| LUT3         | 12948 |                  LUT |
| FDCE         |  8331 |         Flop & Latch |
| LUT2         |  7751 |                  LUT |
| LUT6         |  7314 |                  LUT |
| LUT4         |  5280 |                  LUT |
| LUT5         |  5141 |                  LUT |
| RAMD32       |  3750 |   Distributed Memory |
| CARRY4       |  2725 |           CarryLogic |
| SRL16E       |  2724 |   Distributed Memory |
| FDPE         |  1569 |         Flop & Latch |
| SRLC32E      |  1361 |   Distributed Memory |
| RAMS32       |  1018 |   Distributed Memory |
| LUT1         |   968 |                  LUT |
| FDSE         |   732 |         Flop & Latch |
| MUXF7        |   247 |                MuxFx |
| BIBUF        |   130 |                   IO |
| DSP48E1      |    92 |     Block Arithmetic |
| RAMB36E1     |    66 |         Block Memory |
| LDCE         |    48 |         Flop & Latch |
| OBUF         |    40 |                   IO |
| OBUFT        |    32 |                   IO |
| IBUF         |    30 |                   IO |
| RAMD64E      |    16 |   Distributed Memory |
| RAMB18E1     |    15 |         Block Memory |
| ODDR         |    14 |                   IO |
| IDDR         |    13 |                   IO |
| BUFG         |     4 |                Clock |
| USR_ACCESSE2 |     1 |               Others |
| PS7          |     1 | Specialized Resource |
| PLLE2_ADV    |     1 |                Clock |
| BUFR         |     1 |                Clock |
+--------------+-------+----------------------+


9. Black Boxes
--------------

+----------+------+
| Ref Name | Used |
+----------+------+


10. Instantiated Netlists
-------------------------

+------------------------+------+
|        Ref Name        | Used |
+------------------------+------+
| fifo_short_2clk        |   51 |
| fifo_4k_2clk           |   12 |
| dds_sin_cos_lut_only   |    4 |
| complex_multiplier_dds |    4 |
| hbdec1                 |    2 |
| axi_hb47               |    2 |
+------------------------+------+


Copyright 1986-2018 Xilinx, Inc. All Rights Reserved.
------------------------------------------------------------------------------------------------------------------------------------------------------------------------
| Tool Version : Vivado v.2018.3_AR71898 (lin64) Build 2405991 Thu Dec  6 23:36:41 MST 2018
| Date         : Fri Dec 13 19:22:45 2019
| Host         : ettus-betty running 64-bit Ubuntu 18.04.2 LTS
| Command      : report_timing_summary -no_detailed_paths -file /home/buildbot/fpga-worker/build_FPGA_E310_SG3/work/src/usrp3/top/e31x/build-E310_SG3/build.rpt -append
| Design       : e31x
| Device       : 7z020-clg484
| Speed File   : -3  PRODUCTION 1.11 2014-09-11
------------------------------------------------------------------------------------------------------------------------------------------------------------------------

Timing Summary Report

------------------------------------------------------------------------------------------------
| Timer Settings
| --------------
------------------------------------------------------------------------------------------------

  Enable Multi Corner Analysis               :  Yes
  Enable Pessimism Removal                   :  Yes
  Pessimism Removal Resolution               :  Nearest Common Node
  Enable Input Delay Default Clock           :  No
  Enable Preset / Clear Arcs                 :  No
  Disable Flight Delays                      :  No
  Ignore I/O Paths                           :  No
  Timing Early Launch at Borrowing Latches   :  false

  Corner  Analyze    Analyze    
  Name    Max Paths  Min Paths  
  ------  ---------  ---------  
  Slow    Yes        Yes        
  Fast    Yes        Yes        



check_timing report

Table of Contents
-----------------
1. checking no_clock
2. checking constant_clock
3. checking pulse_width_clock
4. checking unconstrained_internal_endpoints
5. checking no_input_delay
6. checking no_output_delay
7. checking multiple_clock
8. checking generated_clocks
9. checking loops
10. checking partial_input_delay
11. checking partial_output_delay
12. checking latch_loops

1. checking no_clock
--------------------
 There are 0 register/latch pins with no clock.


2. checking constant_clock
--------------------------
 There are 0 register/latch pins with constant_clock.


3. checking pulse_width_clock
-----------------------------
 There are 0 register/latch pins which need pulse_width check


4. checking unconstrained_internal_endpoints
--------------------------------------------
 There are 48 pins that are not constrained for maximum delay. (HIGH)

 There are 0 pins that are not constrained for maximum delay due to constant clock.


5. checking no_input_delay
--------------------------
 There are 3 input ports with no input delay specified. (HIGH)

 There are 3 input ports with no input delay but user has a false path constraint. (MEDIUM)


6. checking no_output_delay
---------------------------
 There is 1 port with no output delay specified. (HIGH)

 There are 36 ports with no output delay but user has a false path constraint (MEDIUM)

 There is 1 port with no output delay but with a timing clock defined on it or propagating through it (LOW)


7. checking multiple_clock
--------------------------
 There are 0 register/latch pins with multiple clocks.


8. checking generated_clocks
----------------------------
 There are 0 generated clocks that are not connected to a clock source.


9. checking loops
-----------------
 There are 0 combinational loops in the design.


10. checking partial_input_delay
--------------------------------
 There are 0 input ports with partial input delay specified.


11. checking partial_output_delay
---------------------------------
 There are 0 ports with partial output delay specified.


12. checking latch_loops
------------------------
 There are 0 combinational latch loops in the design through latch input



------------------------------------------------------------------------------------------------
| Design Timing Summary
| ---------------------
------------------------------------------------------------------------------------------------

    WNS(ns)      TNS(ns)  TNS Failing Endpoints  TNS Total Endpoints      WHS(ns)      THS(ns)  THS Failing Endpoints  THS Total Endpoints     WPWS(ns)     TPWS(ns)  TPWS Failing Endpoints  TPWS Total Endpoints  
    -------      -------  ---------------------  -------------------      -------      -------  ---------------------  -------------------     --------     --------  ----------------------  --------------------  
      1.343        0.000                      0               203844        0.005        0.000                      0               203534        2.000        0.000                       0                 78229  


All user specified timing constraints are met.


------------------------------------------------------------------------------------------------
| Clock Summary
| -------------
------------------------------------------------------------------------------------------------

Clock         Waveform(ns)         Period(ns)      Frequency(MHz)
-----         ------------         ----------      --------------
CAT_DATA_CLK  {0.000 8.138}        16.276          61.440          
  CAT_FB_CLK  {0.000 8.138}        16.276          61.440          
TCXO_CLK      {0.000 12.500}       25.000          40.000          
  clk_200M_o  {0.000 2.500}        5.000           200.000         
bus_clk       {0.000 5.000}        10.000          100.000         
clk40         {0.000 12.500}       25.000          40.000          
clk_fpga_2    {0.000 3.000}        6.000           166.667         
clk_fpga_3    {0.000 2.500}        5.000           200.000         
gps_pps       {0.000 50.000}       100.000         10.000          
pps_ext       {0.000 50.000}       100.000         10.000          


------------------------------------------------------------------------------------------------
| Intra Clock Table
| -----------------
------------------------------------------------------------------------------------------------

Clock             WNS(ns)      TNS(ns)  TNS Failing Endpoints  TNS Total Endpoints      WHS(ns)      THS(ns)  THS Failing Endpoints  THS Total Endpoints     WPWS(ns)     TPWS(ns)  TPWS Failing Endpoints  TPWS Total Endpoints  
-----             -------      -------  ---------------------  -------------------      -------      -------  ---------------------  -------------------     --------     --------  ----------------------  --------------------  
CAT_DATA_CLK        1.906        0.000                      0                24033        0.056        0.000                      0                24033        7.088        0.000                       0                  9603  
TCXO_CLK                                                                                                                                                        7.500        0.000                       0                     1  
  clk_200M_o        1.343        0.000                      0                  588        0.088        0.000                      0                  588        2.000        0.000                       0                   308  
bus_clk             1.594        0.000                      0               144343        0.005        0.000                      0               144343        3.950        0.000                       0                 57839  
clk40              10.376        0.000                      0                25048        0.020        0.000                      0                24904       11.450        0.000                       0                 10453  
gps_pps            95.473        0.000                      0                   49        0.318        0.000                      0                   49       49.500        0.000                       0                    25  
pps_ext            95.473        0.000                      0                   49        0.318        0.000                      0                   49       49.500        0.000                       0                    25  


------------------------------------------------------------------------------------------------
| Inter Clock Table
| -----------------
------------------------------------------------------------------------------------------------

From Clock        To Clock              WNS(ns)      TNS(ns)  TNS Failing Endpoints  TNS Total Endpoints      WHS(ns)      THS(ns)  THS Failing Endpoints  THS Total Endpoints  
----------        --------              -------      -------  ---------------------  -------------------      -------      -------  ---------------------  -------------------  
input port clock  CAT_DATA_CLK           13.656        0.000                      0                    6                                                                        
CAT_DATA_CLK      CAT_FB_CLK              1.534        0.000                      0                   13        4.218        0.000                      0                   13  
clk40             bus_clk                23.735        0.000                      0                   66                                                                        
bus_clk           clk40                   8.679        0.000                      0                   81                                                                        


------------------------------------------------------------------------------------------------
| Other Path Groups Table
| -----------------------
------------------------------------------------------------------------------------------------

Path Group         From Clock         To Clock               WNS(ns)      TNS(ns)  TNS Failing Endpoints  TNS Total Endpoints      WHS(ns)      THS(ns)  THS Failing Endpoints  THS Total Endpoints  
----------         ----------         --------               -------      -------  ---------------------  -------------------      -------      -------  ---------------------  -------------------  
**async_default**  CAT_DATA_CLK       CAT_DATA_CLK             8.836        0.000                      0                 1150        0.213        0.000                      0                 1150  
**async_default**  bus_clk            bus_clk                  5.295        0.000                      0                 6967        0.257        0.000                      0                 6967  
**async_default**  clk40              clk40                   16.841        0.000                      0                 1487        0.200        0.000                      0                 1487  
**default**                                                    2.317        0.000                      0                    3                                                                        
**default**        CAT_DATA_CLK                                9.806        0.000                      0                    6                                                                        
**default**        clk_200M_o                                 35.968        0.000                      0                    3                                                                        
**default**        input port clock                            5.607        0.000                      0                    1                                                                        


